<?xml version="1.0" encoding="UTF-8"?>
<testng-results ignored="0" total="3" passed="3" failed="0" skipped="0">
  <reporter-output>
  </reporter-output>
  <suite started-at="2022-06-11T16:18:59 IST" name="Suite" finished-at="2022-06-11T16:20:32 IST" duration-ms="92255">
    <groups>
    </groups>
    <test started-at="2022-06-11T16:18:59 IST" name="Test" finished-at="2022-06-11T16:20:32 IST" duration-ms="92255">
      <class name="scripts.Testcase3">
        <test-method is-config="true" signature="openApp()[pri:0, instance:scripts.Testcase3@68c72235]" started-at="2022-06-11T16:18:59 IST" name="openApp" finished-at="2022-06-11T16:19:13 IST" duration-ms="13217" status="PASS">
          <reporter-output>
          </reporter-output>
        </test-method> <!-- openApp -->
        <test-method signature="tc3()[pri:0, instance:scripts.Testcase3@68c72235]" started-at="2022-06-11T16:19:13 IST" name="tc3" finished-at="2022-06-11T16:19:35 IST" duration-ms="22631" status="PASS">
          <reporter-output>
          </reporter-output>
        </test-method> <!-- tc3 -->
        <test-method is-config="true" signature="closeApp(org.testng.ITestResult)[pri:0, instance:scripts.Testcase3@68c72235]" started-at="2022-06-11T16:19:35 IST" name="closeApp" finished-at="2022-06-11T16:19:38 IST" duration-ms="2672" status="PASS">
          <params>
            <param index="0">
              <value>
                <![CDATA[[TestResult name=tc3 status=SUCCESS method=Testcase3.tc3()[pri:0, instance:scripts.Testcase3@68c72235] output={null}]]]>
              </value>
            </param>
          </params>
          <reporter-output>
          </reporter-output>
        </test-method> <!-- closeApp -->
      </class> <!-- scripts.Testcase3 -->
      <class name="scripts.Testcase2">
        <test-method is-config="true" signature="openApp()[pri:0, instance:scripts.Testcase2@10959ece]" started-at="2022-06-11T16:19:38 IST" name="openApp" finished-at="2022-06-11T16:19:45 IST" duration-ms="6981" status="PASS">
          <reporter-output>
          </reporter-output>
        </test-method> <!-- openApp -->
        <test-method signature="tc2()[pri:0, instance:scripts.Testcase2@10959ece]" started-at="2022-06-11T16:19:45 IST" name="tc2" finished-at="2022-06-11T16:20:10 IST" duration-ms="25209" status="PASS">
          <reporter-output>
          </reporter-output>
        </test-method> <!-- tc2 -->
        <test-method is-config="true" signature="closeApp(org.testng.ITestResult)[pri:0, instance:scripts.Testcase2@10959ece]" started-at="2022-06-11T16:20:10 IST" name="closeApp" finished-at="2022-06-11T16:20:14 IST" duration-ms="3426" status="PASS">
          <params>
            <param index="0">
              <value>
                <![CDATA[[TestResult name=tc2 status=SUCCESS method=Testcase2.tc2()[pri:0, instance:scripts.Testcase2@10959ece] output={null}]]]>
              </value>
            </param>
          </params>
          <reporter-output>
          </reporter-output>
        </test-method> <!-- closeApp -->
      </class> <!-- scripts.Testcase2 -->
      <class name="scripts.Testcase1">
        <test-method is-config="true" signature="openApp()[pri:0, instance:scripts.Testcase1@3a6bb9bf]" started-at="2022-06-11T16:20:14 IST" name="openApp" finished-at="2022-06-11T16:20:24 IST" duration-ms="10795" status="PASS">
          <reporter-output>
          </reporter-output>
        </test-method> <!-- openApp -->
        <test-method signature="tc1()[pri:0, instance:scripts.Testcase1@3a6bb9bf]" started-at="2022-06-11T16:20:24 IST" name="tc1" finished-at="2022-06-11T16:20:30 IST" duration-ms="5510" status="PASS">
          <reporter-output>
          </reporter-output>
        </test-method> <!-- tc1 -->
        <test-method is-config="true" signature="closeApp(org.testng.ITestResult)[pri:0, instance:scripts.Testcase1@3a6bb9bf]" started-at="2022-06-11T16:20:30 IST" name="closeApp" finished-at="2022-06-11T16:20:32 IST" duration-ms="1675" status="PASS">
          <params>
            <param index="0">
              <value>
                <![CDATA[[TestResult name=tc1 status=SUCCESS method=Testcase1.tc1()[pri:0, instance:scripts.Testcase1@3a6bb9bf] output={null}]]]>
              </value>
            </param>
          </params>
          <reporter-output>
          </reporter-output>
        </test-method> <!-- closeApp -->
      </class> <!-- scripts.Testcase1 -->
    </test> <!-- Test -->
  </suite> <!-- Suite -->
</testng-results>
